/*C1*/SET SCHEMA PUBLIC
CONNECT USER SA
/*C2*/SET SCHEMA PUBLIC
CONNECT USER SA
/*C3*/SET SCHEMA PUBLIC
CONNECT USER SA
/*C4*/SET SCHEMA PUBLIC
CONNECT USER SA
/*C5*/SET SCHEMA PUBLIC
CONNECT USER SA
/*C6*/SET SCHEMA PUBLIC
CONNECT USER SA
/*C2*/SET AUTOCOMMIT FALSE
SET AUTOCOMMIT TRUE
SET AUTOCOMMIT FALSE
/*C6*/SET AUTOCOMMIT FALSE
DELETE FROM JBM_COUNTER WHERE NAME='MESSAGE_ID'
INSERT INTO JBM_COUNTER VALUES('MESSAGE_ID',28672)
COMMIT
DELETE FROM JBM_COUNTER WHERE NAME='CHANNEL_ID'
INSERT INTO JBM_COUNTER VALUES('CHANNEL_ID',70)
COMMIT
SET AUTOCOMMIT TRUE
SET AUTOCOMMIT FALSE
SET AUTOCOMMIT TRUE
SET AUTOCOMMIT FALSE
INSERT INTO JBM_MSG_REF VALUES(27314591499436032,40,NULL,'C',27314591499501568,NULL,0,0)
INSERT INTO JBM_MSG VALUES(27314591499436032,'Y',0,1667150360053,4,3,'00000002000e4a424d5f4d4553534147455f494401002b49443a4a424d2d36316231663030342d623966612d343430642d616663332d6137346165376335396437330006482e444553540d0100144a4d535f5074546f50745f5475746f7269616c3200','0101000100214d6573736167652023312066726f6d2051756575652050726f64756365722e2e2e')
COMMIT
DELETE FROM JBM_MSG_REF WHERE MESSAGE_ID=27314591499436032 AND CHANNEL_ID=40
COMMIT
DELETE FROM JBM_MSG WHERE MESSAGE_ID=27314591499436032
COMMIT
INSERT INTO JBM_MSG_REF VALUES(27314591893602305,40,NULL,'C',27314591893618689,NULL,0,0)
INSERT INTO JBM_MSG VALUES(27314591893602305,'Y',0,1667150384127,4,3,'00000002000e4a424d5f4d4553534147455f494401002b49443a4a424d2d39323362313737652d623266322d343138372d613663332d3532303036653961313339640006482e444553540d0100144a4d535f5074546f50745f5475746f7269616c3200','0101000100214d6573736167652023312066726f6d2051756575652050726f64756365722e2e2e')
COMMIT
DELETE FROM JBM_MSG_REF WHERE MESSAGE_ID=27314591893602305 AND CHANNEL_ID=40
COMMIT
DELETE FROM JBM_MSG WHERE MESSAGE_ID=27314591893602305
COMMIT
INSERT INTO JBM_MSG_REF VALUES(27314591946375170,40,NULL,'C',27314591946375170,NULL,0,0)
INSERT INTO JBM_MSG VALUES(27314591946375170,'Y',0,1667150387346,4,3,'00000002000e4a424d5f4d4553534147455f494401002b49443a4a424d2d37656433643735322d656130312d343863352d396533382d6664313862363330663136620006482e444553540d0100144a4d535f5074546f50745f5475746f7269616c3200','0101000100214d6573736167652023312066726f6d2051756575652050726f64756365722e2e2e')
COMMIT
DELETE FROM JBM_MSG_REF WHERE MESSAGE_ID=27314591946375170 AND CHANNEL_ID=40
COMMIT
DELETE FROM JBM_MSG WHERE MESSAGE_ID=27314591946375170
COMMIT
